mode: atomic
github.com/momzor/fizzbuzz/pkg/webapi/api_handler_mock.go:26.65,30.2 3 2
github.com/momzor/fizzbuzz/pkg/webapi/api_handler_mock.go:33.63,35.2 1 2
github.com/momzor/fizzbuzz/pkg/webapi/api_handler_mock.go:38.57,43.2 4 2
github.com/momzor/fizzbuzz/pkg/webapi/api_handler_mock.go:46.67,49.2 2 2
github.com/momzor/fizzbuzz/pkg/webapi/resource_fizzbuzz.go:36.38,39.78 2 11
github.com/momzor/fizzbuzz/pkg/webapi/resource_fizzbuzz.go:48.2,48.49 1 1
github.com/momzor/fizzbuzz/pkg/webapi/resource_fizzbuzz.go:39.78,46.3 2 10
github.com/momzor/fizzbuzz/pkg/webapi/resource_fizzbuzz.go:54.44,58.32 3 4
github.com/momzor/fizzbuzz/pkg/webapi/resource_fizzbuzz.go:81.2,81.29 1 4
github.com/momzor/fizzbuzz/pkg/webapi/resource_fizzbuzz.go:58.32,60.33 1 70
github.com/momzor/fizzbuzz/pkg/webapi/resource_fizzbuzz.go:65.3,65.28 1 60
github.com/momzor/fizzbuzz/pkg/webapi/resource_fizzbuzz.go:69.3,69.20 1 37
github.com/momzor/fizzbuzz/pkg/webapi/resource_fizzbuzz.go:73.3,73.20 1 27
github.com/momzor/fizzbuzz/pkg/webapi/resource_fizzbuzz.go:78.3,78.33 1 23
github.com/momzor/fizzbuzz/pkg/webapi/resource_fizzbuzz.go:60.33,62.12 2 10
github.com/momzor/fizzbuzz/pkg/webapi/resource_fizzbuzz.go:65.28,67.12 2 23
github.com/momzor/fizzbuzz/pkg/webapi/resource_fizzbuzz.go:69.20,71.12 2 10
github.com/momzor/fizzbuzz/pkg/webapi/resource_fizzbuzz.go:73.20,75.12 2 4
github.com/momzor/fizzbuzz/pkg/webapi/resource_stats.go:31.53,32.30 1 0
github.com/momzor/fizzbuzz/pkg/webapi/resource_stats.go:32.30,53.17 3 0
github.com/momzor/fizzbuzz/pkg/webapi/resource_stats.go:57.3,58.41 2 0
github.com/momzor/fizzbuzz/pkg/webapi/resource_stats.go:62.3,62.19 1 0
github.com/momzor/fizzbuzz/pkg/webapi/resource_stats.go:67.3,67.41 1 0
github.com/momzor/fizzbuzz/pkg/webapi/resource_stats.go:53.17,55.4 1 0
github.com/momzor/fizzbuzz/pkg/webapi/resource_stats.go:58.41,59.14 1 0
github.com/momzor/fizzbuzz/pkg/webapi/resource_stats.go:62.19,65.4 2 0
github.com/momzor/fizzbuzz/pkg/webapi/server.go:40.31,54.2 7 2
github.com/momzor/fizzbuzz/pkg/webapi/stats_middleware.go:34.51,38.2 1 0
github.com/momzor/fizzbuzz/pkg/webapi/stats_middleware.go:41.60,42.30 1 0
github.com/momzor/fizzbuzz/pkg/webapi/stats_middleware.go:42.30,54.17 4 0
github.com/momzor/fizzbuzz/pkg/webapi/stats_middleware.go:54.17,56.4 1 0
github.com/momzor/fizzbuzz/pkg/webapi/stats_middleware.go:61.43,62.11 1 3
github.com/momzor/fizzbuzz/pkg/webapi/stats_middleware.go:63.31,64.32 1 1
github.com/momzor/fizzbuzz/pkg/webapi/stats_middleware.go:65.28,66.29 1 1
github.com/momzor/fizzbuzz/pkg/webapi/stats_middleware.go:67.10,68.19 1 1
github.com/momzor/fizzbuzz/pkg/webapi/stats_middleware_mock.go:26.71,30.2 3 2
github.com/momzor/fizzbuzz/pkg/webapi/stats_middleware_mock.go:33.69,35.2 1 2
github.com/momzor/fizzbuzz/pkg/webapi/stats_middleware_mock.go:38.63,43.2 4 2
github.com/momzor/fizzbuzz/pkg/webapi/stats_middleware_mock.go:46.73,49.2 2 2
github.com/momzor/fizzbuzz/pkg/webapi/api_handler.go:20.45,24.2 1 0
