mode: atomic
github.com/momzor/fizzbuzz/pkg/webapi/api_handler.go:20.45,24.2 1 0
github.com/momzor/fizzbuzz/pkg/webapi/api_handler_mock.go:26.65,30.2 3 2
github.com/momzor/fizzbuzz/pkg/webapi/api_handler_mock.go:33.63,35.2 1 2
github.com/momzor/fizzbuzz/pkg/webapi/api_handler_mock.go:38.57,43.2 4 2
github.com/momzor/fizzbuzz/pkg/webapi/api_handler_mock.go:46.67,49.2 2 2
github.com/momzor/fizzbuzz/pkg/webapi/resource_fizzbuzz.go:35.38,38.78 2 11
github.com/momzor/fizzbuzz/pkg/webapi/resource_fizzbuzz.go:47.2,47.49 1 1
github.com/momzor/fizzbuzz/pkg/webapi/resource_fizzbuzz.go:38.78,45.3 2 10
github.com/momzor/fizzbuzz/pkg/webapi/resource_fizzbuzz.go:50.44,54.32 3 4
github.com/momzor/fizzbuzz/pkg/webapi/resource_fizzbuzz.go:77.2,77.29 1 4
github.com/momzor/fizzbuzz/pkg/webapi/resource_fizzbuzz.go:54.32,56.33 1 70
github.com/momzor/fizzbuzz/pkg/webapi/resource_fizzbuzz.go:61.3,61.28 1 60
github.com/momzor/fizzbuzz/pkg/webapi/resource_fizzbuzz.go:65.3,65.20 1 37
github.com/momzor/fizzbuzz/pkg/webapi/resource_fizzbuzz.go:69.3,69.20 1 27
github.com/momzor/fizzbuzz/pkg/webapi/resource_fizzbuzz.go:74.3,74.33 1 23
github.com/momzor/fizzbuzz/pkg/webapi/resource_fizzbuzz.go:56.33,58.12 2 10
github.com/momzor/fizzbuzz/pkg/webapi/resource_fizzbuzz.go:61.28,63.12 2 23
github.com/momzor/fizzbuzz/pkg/webapi/resource_fizzbuzz.go:65.20,67.12 2 10
github.com/momzor/fizzbuzz/pkg/webapi/resource_fizzbuzz.go:69.20,71.12 2 4
github.com/momzor/fizzbuzz/pkg/webapi/resource_stats.go:31.53,32.30 1 0
github.com/momzor/fizzbuzz/pkg/webapi/resource_stats.go:32.30,53.17 3 0
github.com/momzor/fizzbuzz/pkg/webapi/resource_stats.go:57.3,58.41 2 0
github.com/momzor/fizzbuzz/pkg/webapi/resource_stats.go:62.3,62.19 1 0
github.com/momzor/fizzbuzz/pkg/webapi/resource_stats.go:67.3,67.41 1 0
github.com/momzor/fizzbuzz/pkg/webapi/resource_stats.go:53.17,55.4 1 0
github.com/momzor/fizzbuzz/pkg/webapi/resource_stats.go:58.41,59.14 1 0
github.com/momzor/fizzbuzz/pkg/webapi/resource_stats.go:62.19,65.4 2 0
github.com/momzor/fizzbuzz/pkg/webapi/server.go:37.31,51.2 7 2
github.com/momzor/fizzbuzz/pkg/webapi/stats_middleware.go:33.51,37.2 1 0
github.com/momzor/fizzbuzz/pkg/webapi/stats_middleware.go:40.60,41.30 1 0
github.com/momzor/fizzbuzz/pkg/webapi/stats_middleware.go:41.30,53.17 4 0
github.com/momzor/fizzbuzz/pkg/webapi/stats_middleware.go:53.17,55.4 1 0
github.com/momzor/fizzbuzz/pkg/webapi/stats_middleware.go:60.43,61.11 1 3
github.com/momzor/fizzbuzz/pkg/webapi/stats_middleware.go:62.31,63.32 1 1
github.com/momzor/fizzbuzz/pkg/webapi/stats_middleware.go:64.28,65.29 1 1
github.com/momzor/fizzbuzz/pkg/webapi/stats_middleware.go:66.10,67.19 1 1
github.com/momzor/fizzbuzz/pkg/webapi/stats_middleware_mock.go:26.71,30.2 3 2
github.com/momzor/fizzbuzz/pkg/webapi/stats_middleware_mock.go:33.69,35.2 1 2
github.com/momzor/fizzbuzz/pkg/webapi/stats_middleware_mock.go:38.63,43.2 4 2
github.com/momzor/fizzbuzz/pkg/webapi/stats_middleware_mock.go:46.73,49.2 2 2
